<?xml version="1.0" encoding="UTF-8"?>
<!-- Generated by org.testng.reporters.JUnitReportReporter -->
<testsuite hostname="Mohannads-MBP.askey.com" failures="0" tests="5" name="api_tests.ApiTest" time="3.674" errors="0" timestamp="2023-01-26T20:53:53 MST" skipped="0">
  <testcase classname="api_tests.ApiTest" name="login" time="1.416"/>
  <system-out/>
  <testcase classname="api_tests.ApiTest" name="createCustomer" time="0.640"/>
  <system-out/>
  <testcase classname="api_tests.ApiTest" name="logout" time="0.508"/>
  <system-out/>
  <testcase classname="api_tests.ApiTest" name="deleteCustomer" time="0.537"/>
  <system-out/>
  <testcase classname="api_tests.ApiTest" name="updateCustomer" time="0.573"/>
  <system-out/>
</testsuite> <!-- api_tests.ApiTest -->
