<?xml version="1.0" encoding="UTF-8"?>
<!-- Generated by org.testng.reporters.JUnitReportReporter -->
<testsuite hostname="Mohannads-MBP.askey.com" failures="0" tests="5" name="api_tests.ApiTest" time="3.791" errors="0" timestamp="2023-01-24T20:00:46 MST" skipped="0">
  <testcase classname="api_tests.ApiTest" name="createCustomer" time="0.660"/>
  <system-out/>
  <testcase classname="api_tests.ApiTest" name="updateCustomer" time="0.656"/>
  <system-out/>
  <testcase classname="api_tests.ApiTest" name="deleteCustomer" time="0.440"/>
  <system-out/>
  <testcase classname="api_tests.ApiTest" name="login" time="1.661"/>
  <system-out/>
  <testcase classname="api_tests.ApiTest" name="logout" time="0.374"/>
  <system-out/>
</testsuite> <!-- api_tests.ApiTest -->
